d:\18ci0249\monsterisland\release\vc141.pdb
d:\18ci0249\monsterisland\release\sound.obj
d:\18ci0249\monsterisland\release\mypg.obj
d:\18ci0249\monsterisland\release\mylib.obj
d:\18ci0249\monsterisland\release\gameengine_ver3_81.obj
d:\18ci0249\monsterisland\release\dm2008_ver1_4.obj
d:\18ci0249\monsterisland\release\di2014_ver3_5.obj
d:\18ci0249\monsterisland\release\dg2014_vertexcontainer.obj
d:\18ci0249\monsterisland\release\dg2014_vertexbuffer.obj
d:\18ci0249\monsterisland\release\dg2014_ver3_6.obj
d:\18ci0249\monsterisland\release\dg2014_texture.obj
d:\18ci0249\monsterisland\release\dg2014_meshsobfile.obj
d:\18ci0249\monsterisland\release\dg2014_mesh.obj
d:\18ci0249\monsterisland\release\dg2014_inputlayout.obj
d:\18ci0249\monsterisland\release\dg2014_indexbuffer.obj
d:\18ci0249\monsterisland\release\dg2014_image.obj
d:\18ci0249\monsterisland\release\dg2014_font.obj
d:\18ci0249\monsterisland\release\dg2014_effect.obj
d:\18ci0249\monsterisland\release\dg2014_dgobject.obj
d:\18ci0249\monsterisland\release\bchara.obj
d:\18ci0249\monsterisland\release\appearobject.obj
d:\18ci0249\monsterisland\release\task_title.obj
d:\18ci0249\monsterisland\release\task_shot01.obj
d:\18ci0249\monsterisland\release\task_player.obj
d:\18ci0249\monsterisland\release\task_map2d.obj
d:\18ci0249\monsterisland\release\task_item00.obj
d:\18ci0249\monsterisland\release\task_hp.obj
d:\18ci0249\monsterisland\release\task_goal.obj
d:\18ci0249\monsterisland\release\task_arrow.obj
d:\18ci0249\monsterisland\release\task_gameover.obj
d:\18ci0249\monsterisland\release\task_gameclear.obj
d:\18ci0249\monsterisland\release\task_game.obj
d:\18ci0249\monsterisland\release\task_ev_system.obj
d:\18ci0249\monsterisland\release\task_ev_message.obj
d:\18ci0249\monsterisland\release\task_ev_image.obj
d:\18ci0249\monsterisland\release\task_ev_fadeinout.obj
d:\18ci0249\monsterisland\release\task_eventengine.obj
d:\18ci0249\monsterisland\release\task_enemy00.obj
d:\18ci0249\monsterisland\release\task_effectcreate.obj
d:\18ci0249\monsterisland\release\task_effectbomb.obj
d:\18ci0249\monsterisland\release\task_boat.obj
d:\18ci0249\monsterisland\release\xnacollision.obj
d:\18ci0249\monsterisland\release\winmain.obj
d:\18ci0249\monsterisland\release\gpg.ipdb
d:\18ci0249\monsterisland\release\gpg.iobj
d:\18ci0249\monsterisland\release\gpg.exe
d:\18ci0249\monsterisland\release\gpg.pdb
d:\18ci0249\monsterisland\release\gpg.tlog\cl.command.1.tlog
d:\18ci0249\monsterisland\release\gpg.tlog\cl.read.1.tlog
d:\18ci0249\monsterisland\release\gpg.tlog\cl.write.1.tlog
d:\18ci0249\monsterisland\release\gpg.tlog\gpg.write.1u.tlog
d:\18ci0249\monsterisland\release\gpg.tlog\link.command.1.tlog
d:\18ci0249\monsterisland\release\gpg.tlog\link.read.1.tlog
d:\18ci0249\monsterisland\release\gpg.tlog\link.write.1.tlog
